<?xml version="1.0" encoding="UTF-8" standalone="no"?>
<!DOCTYPE log SYSTEM "logger.dtd">
<log>
<record>
  <date>2020-10-12T11:40:23.110-0300</date>
  <logger>MATHEUS VINICIUS BENEVIDES LIMA</logger>
  <level>FINE</level>
  <message>File 119210384-MATHEUS VINICIUS BENEVIDES LIMA.zip was received. It was sent by MATHEUS VINICIUS BENEVIDES LIMA from IP 192.168.0.190 at 12-10-2020 11*40*23</message>
</record>
</log>
<?xml version="1.0" encoding="UTF-8" standalone="no"?>
<!DOCTYPE log SYSTEM "logger.dtd">
<log>
<record>
  <date>2020-10-12T11:59:56.200-0300</date>
  <logger>MATHEUS VINICIUS BENEVIDES LIMA</logger>
  <level>FINE</level>
  <message>File 119210384-MATHEUS VINICIUS BENEVIDES LIMA.zip was received. It was sent by MATHEUS VINICIUS BENEVIDES LIMA from IP 192.168.0.190 at 12-10-2020 11*59*56</message>
</record>
</log>
<?xml version="1.0" encoding="UTF-8" standalone="no"?>
<!DOCTYPE log SYSTEM "logger.dtd">
<log>
<record>
  <date>2020-10-18T23:56:32.028-0300</date>
  <logger>MATHEUS VINICIUS BENEVIDES LIMA</logger>
  <level>FINE</level>
  <message>File 119210384-MATHEUS VINICIUS BENEVIDES LIMA.zip was received. It was sent by MATHEUS VINICIUS BENEVIDES LIMA from IP 192.168.0.190 at 18-10-2020 23*56*32</message>
</record>
</log>
<?xml version="1.0" encoding="UTF-8" standalone="no"?>
<!DOCTYPE log SYSTEM "logger.dtd">
<log>
<record>
  <date>2020-10-19T01:06:02.385-0300</date>
  <logger>MATHEUS VINICIUS BENEVIDES LIMA</logger>
  <level>FINE</level>
  <message>File 119210384-MATHEUS VINICIUS BENEVIDES LIMA.zip was received. It was sent by MATHEUS VINICIUS BENEVIDES LIMA from IP 192.168.0.190 at 19-10-2020 01*06*02</message>
</record>
</log>
<?xml version="1.0" encoding="UTF-8" standalone="no"?>
<!DOCTYPE log SYSTEM "logger.dtd">
<log>
<record>
  <date>2020-10-19T01:51:02.283-0300</date>
  <logger>MATHEUS VINICIUS BENEVIDES LIMA</logger>
  <level>FINE</level>
  <message>File 119210384-MATHEUS VINICIUS BENEVIDES LIMA.zip was received. It was sent by MATHEUS VINICIUS BENEVIDES LIMA from IP 192.168.0.190 at 19-10-2020 01*51*02</message>
</record>
</log>
<?xml version="1.0" encoding="UTF-8" standalone="no"?>
<!DOCTYPE log SYSTEM "logger.dtd">
<log>
<record>
  <date>2020-10-19T02:00:13.656-0300</date>
  <logger>MATHEUS VINICIUS BENEVIDES LIMA</logger>
  <level>FINE</level>
  <message>File 119210384-MATHEUS VINICIUS BENEVIDES LIMA.zip was received. It was sent by MATHEUS VINICIUS BENEVIDES LIMA from IP 192.168.0.190 at 19-10-2020 02*00*13</message>
</record>
