<?xml version="1.0" encoding="UTF-8" standalone="no"?>
<!DOCTYPE log SYSTEM "logger.dtd">
<log>
<record>
  <date>2020-11-15T20:42:26.009-0300</date>
  <logger>MATHEUS VINICIUS BENEVIDES LIMA</logger>
  <level>FINE</level>
  <message>File 119210384-MATHEUS VINICIUS BENEVIDES LIMA.zip was received. It was sent by MATHEUS VINICIUS BENEVIDES LIMA from IP 192.168.15.3 at 15-11-2020 20*42*25</message>
</record>
</log>
<?xml version="1.0" encoding="UTF-8" standalone="no"?>
<!DOCTYPE log SYSTEM "logger.dtd">
<log>
<record>
  <date>2020-11-15T22:20:57.178-0300</date>
  <logger>MATHEUS VINICIUS BENEVIDES LIMA</logger>
  <level>FINE</level>
  <message>File 119210384-MATHEUS VINICIUS BENEVIDES LIMA.zip was received. It was sent by MATHEUS VINICIUS BENEVIDES LIMA from IP 192.168.15.3 at 15-11-2020 22*20*57</message>
</record>
</log>
<?xml version="1.0" encoding="UTF-8" standalone="no"?>
<!DOCTYPE log SYSTEM "logger.dtd">
<log>
<record>
  <date>2020-11-15T23:18:50.693-0300</date>
  <logger>MATHEUS VINICIUS BENEVIDES LIMA</logger>
  <level>FINE</level>
  <message>File 119210384-MATHEUS VINICIUS BENEVIDES LIMA.zip was received. It was sent by MATHEUS VINICIUS BENEVIDES LIMA from IP 192.168.15.3 at 15-11-2020 23*18*50</message>
</record>
</log>
<?xml version="1.0" encoding="UTF-8" standalone="no"?>
<!DOCTYPE log SYSTEM "logger.dtd">
<log>
<record>
  <date>2020-11-16T06:49:43.955-0300</date>
  <logger>MATHEUS VINICIUS BENEVIDES LIMA</logger>
  <level>FINE</level>
  <message>File 119210384-MATHEUS VINICIUS BENEVIDES LIMA.zip was received. It was sent by MATHEUS VINICIUS BENEVIDES LIMA from IP 192.168.15.3 at 16-11-2020 06*49*43</message>
</record>
