<?xml version="1.0" encoding="UTF-8" standalone="no"?>
<!DOCTYPE log SYSTEM "logger.dtd">
<log>
<record>
  <date>2020-10-25T12:30:27.876-0300</date>
  <logger>MATHEUS VINICIUS BENEVIDES LIMA</logger>
  <level>FINE</level>
  <message>File 119210384-MATHEUS VINICIUS BENEVIDES LIMA.zip was received. It was sent by MATHEUS VINICIUS BENEVIDES LIMA from IP 192.168.0.190 at 25-10-2020 12*30*27</message>
</record>
</log>
<?xml version="1.0" encoding="UTF-8" standalone="no"?>
<!DOCTYPE log SYSTEM "logger.dtd">
<log>
<record>
  <date>2020-10-25T18:48:01.870-0300</date>
  <logger>MATHEUS VINICIUS BENEVIDES LIMA</logger>
  <level>FINE</level>
  <message>File 119210384-MATHEUS VINICIUS BENEVIDES LIMA.zip was received. It was sent by MATHEUS VINICIUS BENEVIDES LIMA from IP 192.168.0.190 at 25-10-2020 18*48*01</message>
</record>
</log>
<?xml version="1.0" encoding="UTF-8" standalone="no"?>
<!DOCTYPE log SYSTEM "logger.dtd">
<log>
<record>
  <date>2020-10-25T19:32:31.241-0300</date>
  <logger>MATHEUS VINICIUS BENEVIDES LIMA</logger>
  <level>FINE</level>
  <message>File 119210384-MATHEUS VINICIUS BENEVIDES LIMA.zip was received. It was sent by MATHEUS VINICIUS BENEVIDES LIMA from IP 192.168.0.190 at 25-10-2020 19*32*31</message>
</record>
