<?xml version="1.0" encoding="UTF-8" standalone="no"?>
<!DOCTYPE log SYSTEM "logger.dtd">
<log>
<record>
  <date>2020-09-28T11:37:47.618-0300</date>
  <logger>MATHEUS VINICIUS BENEVIDES LIMA</logger>
  <level>FINE</level>
  <message>File 119210384-MATHEUS VINICIUS BENEVIDES LIMA.zip was received. It was sent by MATHEUS VINICIUS BENEVIDES LIMA from IP 192.168.0.190 at 28-09-2020 11*37*47</message>
</record>
</log>
<?xml version="1.0" encoding="UTF-8" standalone="no"?>
<!DOCTYPE log SYSTEM "logger.dtd">
<log>
<record>
  <date>2020-10-04T21:54:55.834-0300</date>
  <logger>MATHEUS VINICIUS BENEVIDES LIMA</logger>
  <level>FINE</level>
  <message>File 119210384-MATHEUS VINICIUS BENEVIDES LIMA.zip was received. It was sent by MATHEUS VINICIUS BENEVIDES LIMA from IP 192.168.0.190 at 04-10-2020 21*54*55</message>
</record>
</log>
<?xml version="1.0" encoding="UTF-8" standalone="no"?>
<!DOCTYPE log SYSTEM "logger.dtd">
<log>
<record>
  <date>2020-10-04T23:15:45.892-0300</date>
  <logger>MATHEUS VINICIUS BENEVIDES LIMA</logger>
  <level>FINE</level>
  <message>File 119210384-MATHEUS VINICIUS BENEVIDES LIMA.zip was received. It was sent by MATHEUS VINICIUS BENEVIDES LIMA from IP 192.168.0.190 at 04-10-2020 23*15*45</message>
</record>
</log>
<?xml version="1.0" encoding="UTF-8" standalone="no"?>
<!DOCTYPE log SYSTEM "logger.dtd">
<log>
<record>
  <date>2020-10-05T01:00:57.251-0300</date>
  <logger>MATHEUS VINICIUS BENEVIDES LIMA</logger>
  <level>FINE</level>
  <message>File 119210384-MATHEUS VINICIUS BENEVIDES LIMA.zip was received. It was sent by MATHEUS VINICIUS BENEVIDES LIMA from IP 192.168.0.190 at 05-10-2020 01*00*57</message>
</record>
</log>
<?xml version="1.0" encoding="UTF-8" standalone="no"?>
<!DOCTYPE log SYSTEM "logger.dtd">
<log>
<record>
  <date>2020-10-05T01:08:32.094-0300</date>
  <logger>MATHEUS VINICIUS BENEVIDES LIMA</logger>
  <level>FINE</level>
  <message>File 119210384-MATHEUS VINICIUS BENEVIDES LIMA.zip was received. It was sent by MATHEUS VINICIUS BENEVIDES LIMA from IP 192.168.0.190 at 05-10-2020 01*08*32</message>
</record>
